1                                                          The SAS System                             08:20 Saturday, April 13, 2019

1          ;*';*";*/;quit;run;
2          OPTIONS PAGENO=MIN;
3          %LET _CLIENTTASKLABEL='CHIS_30_FinalData';
4          %LET _CLIENTPROCESSFLOWNAME='CHIS_Execution';
5          %LET
5        ! _CLIENTPROJECTPATH='C:\Users\rdy2d\OneDrive\Documents\GitHub\Preventable-Asthma-Hospitalizations\CHIS\CHIS_Analysis.egp';
6          %LET _CLIENTPROJECTPATHHOST='R90T7H56';
7          %LET _CLIENTPROJECTNAME='CHIS_Analysis.egp';
8          %LET _SASPROGRAMFILE='';
9          %LET _SASPROGRAMFILEHOST='';
10         
11         ODS _ALL_ CLOSE;
12         OPTIONS DEV=PNG;
13         GOPTIONS XPIXELS=0 YPIXELS=0;
14         FILENAME EGPDF TEMP;
15         ODS PDF(ID=EGPDF) FILE=EGPDF STYLE=SasDocPrinter;
NOTE: Writing ODS PDF(EGPDF) output to DISK destination "EGPDF", printer "PDF".
16         FILENAME EGSR TEMP;
17         ODS tagsets.sasreport13(ID=EGSR) FILE=EGSR
18             STYLE=HTMLBlue
19             STYLESHEET=(URL="file:///C:/Program%20Files/SASHome/SASEnterpriseGuide/7.1/Styles/HTMLBlue.css")
20             NOGTITLE
21             NOGFOOTNOTE
22             GPATH=&sasworklocation
23             ENCODING=UTF8
24             options(rolap="on")
25         ;
NOTE: Writing TAGSETS.SASREPORT13(EGSR) Body file: EGSR
26         
27         GOPTIONS ACCESSIBLE;
28         /************************************************************************************************************************
28       ! *****
29         **  Project Name    : Secondary Research of Asthma  Hospitalizations
29       !    **
30         **                    Masters of Science in Business Analytics Capstone Project
30       !    **
31         **                    March / April 2019
31       !    **
32         **  Author          : Matthew C. Vanderbilt
32       !    **
33         **                    Candidate & NU Scholar, National University
33       !    **
34         **                    Director of Fiscal Affairs, Department of Medicine, UC San Diego School of Medicine
34       !    **
35         **
35       ! =======================================================================================================================
35       ! **
36         **  Date Created    : 29 March 2019 16:36
36       !    **
37         **  Program Name    : CHIS_30_FinalData
37       !    **
38         **  Purpose         : Create final variable table for analysis
38       !    **
39         **  Reference Note  : Some code may be adapted/used from other sources; see README for "Reference Materials"
39       !    **
40         **
40       !    **
41         *************************************************************************************************************************
2                                                          The SAS System                             08:20 Saturday, April 13, 2019

41       ! ****/
42         
43         ODS GRAPHICS ON;
44         
45         /* MASTER LIBRARY */
46         %LET localProjectPath = %SYSFUNC(SUBSTR(%SYSFUNC(DEQUOTE(&_CLIENTPROJECTPATH)), 1,
46       ! %LENGTH(%SYSFUNC(DEQUOTE(&_CLIENTPROJECTPATH))) - %LENGTH(%SYSFUNC(DEQUOTE(&_CLIENTPROJECTNAME))) ));
47         LIBNAME CHIS "&localProjectPath";
NOTE: Libref CHIS was successfully assigned as follows: 
      Engine:        V9 
      Physical Name: C:\Users\rdy2d\OneDrive\Documents\GitHub\Preventable-Asthma-Hospitalizations\CHIS
48         
49         /* APPLY CHIS FORMATS */
50         OPTIONS fmtsearch=(CHIS);
51         
52         DATA CHIS.CHIS_DATA_FINAL(	KEEP=	SRTENR
53         									SRSEX
54         									RACEDF_P1
55         									AB1
56         									AB17
57         									AB40
58         									AB41
59         									ASTCUR
60         									ASTS
61         									ASTYR
62         									AB18
63         									AB19
64         									AH13A
65         									AB43
66         									AB98
67         									AB108_P1
68         									AB22
69         									AB24
70         									AB25
71         									AB30
72         									AB34
73         									AB52
74         									AB117
75         									AD37W
76         									AD40W
77         									AESODA_P1
78         									AE15
79         									AE15A
80         									SMKCUR
81         									SMOKING
82         									NUMCIG
83         									AC42_P
84         									AC44
85         									AD50
86         									RBMI
87         									AF65
88         									AF63
89         									DSTRS12
90         									DSTRS30
91         									AH33NEW
92         									AH34NEW
93         									AH35NEW
94         									AH37
3                                                          The SAS System                             08:20 Saturday, April 13, 2019

95         									CITIZEN2
96         									YRUS_P1
97         									PCTLF_P
98         									AG22
99         									SERVED
100        									AG10
101        									WRKST_P1
102        									AHEDC_P1
103        									HMO
104        									AI25
105        									AH71_P1
106        									AH72_P1
107        									AH14
108        									INS
109        									AH1
110        									USUAL5TP
111        									AJ9
112        									AH16
113        									AJ19
114        									AH22
115        									AJ20
116        									AJ102
117        									AJ105
118        									AJ108
119        									AJ112
120        									AJ113
121        									AH12
122        									ER
123        									AK4
124        									FSLEV
125        									POVLL
126        									AL6
127        									AL22
128        									AL18A
129        									AK23
130        									AK25
131        									AM19
132        									AM21
133        									AK28
134        									AM36
135        									AM34
136        									UR_CLRT
137        									maritstat
138        									agegroup
139        									healthplan
140        									asthmastatus
141        									prilanguage
142        									famtype
143        									year
144        									fnwgt0-fnwgt160
145        							);
146        	SET CHIS.CHIS_DATA_INTRM;
147        RUN;

NOTE: There were 124521 observations read from the data set CHIS.CHIS_DATA_INTRM.
NOTE: The data set CHIS.CHIS_DATA_FINAL has 124521 observations and 253 variables.
NOTE: DATA statement used (Total process time):
      real time           0.38 seconds
4                                                          The SAS System                             08:20 Saturday, April 13, 2019

      cpu time            0.39 seconds
      

148        
149        PROC CONTENTS DATA=CHIS.CHIS_DATA_FINAL VARNUM;
150        	TITLE 'PROC CONTENTS - CHIS.CHIS_DATA_FINAL';
151        RUN;

NOTE: PROCEDURE CONTENTS used (Total process time):
      real time           0.10 seconds
      cpu time            0.10 seconds
      

152        
153        ODS GRAPHICS OFF;
154        QUIT;
155        
156        GOPTIONS NOACCESSIBLE;
157        %LET _CLIENTTASKLABEL=;
158        %LET _CLIENTPROCESSFLOWNAME=;
159        %LET _CLIENTPROJECTPATH=;
160        %LET _CLIENTPROJECTPATHHOST=;
161        %LET _CLIENTPROJECTNAME=;
162        %LET _SASPROGRAMFILE=;
163        %LET _SASPROGRAMFILEHOST=;
164        
165        ;*';*";*/;quit;run;
166        ODS _ALL_ CLOSE;
NOTE: ODS PDF(EGPDF) printed 10 pages to C:\Users\rdy2d\AppData\Roaming\SAS\EnterpriseGuide\EGTEMP\SEG-24352-d7227d43\contents\SAS 
      Temporary Files\_TD6556_R90T7H56_\#LN00721.
167        
168        
169        QUIT; RUN;
170        
