1                                                          The SAS System                             08:20 Saturday, April 13, 2019

1          ;*';*";*/;quit;run;
2          OPTIONS PAGENO=MIN;
3          %LET _CLIENTTASKLABEL='CHIS_45_AsthmaChar';
4          %LET _CLIENTPROCESSFLOWNAME='CHIS_Execution';
5          %LET
5        ! _CLIENTPROJECTPATH='C:\Users\rdy2d\OneDrive\Documents\GitHub\Preventable-Asthma-Hospitalizations\CHIS\CHIS_Analysis.egp';
6          %LET _CLIENTPROJECTPATHHOST='R90T7H56';
7          %LET _CLIENTPROJECTNAME='CHIS_Analysis.egp';
8          %LET _SASPROGRAMFILE='';
9          %LET _SASPROGRAMFILEHOST='';
10         
11         ODS _ALL_ CLOSE;
12         OPTIONS DEV=PNG;
13         GOPTIONS XPIXELS=0 YPIXELS=0;
14         FILENAME EGHTML TEMP;
15         ODS HTML(ID=EGHTML) FILE=EGHTML
16             ENCODING='utf-8'
17             STYLE=HTMLBlue
18             STYLESHEET=(URL="file:///C:/Program%20Files/SASHome/SASEnterpriseGuide/7.1/Styles/HTMLBlue.css")
19             NOGTITLE
20             NOGFOOTNOTE
21             GPATH=&sasworklocation
22         ;
NOTE: Writing HTML(EGHTML) Body file: EGHTML
23         FILENAME EGPDF TEMP;
24         ODS PDF(ID=EGPDF) FILE=EGPDF STYLE=Pearl;
NOTE: Writing ODS PDF(EGPDF) output to DISK destination "EGPDF", printer "PDF".
25         FILENAME EGSR TEMP;
26         ODS tagsets.sasreport13(ID=EGSR) FILE=EGSR
27             STYLE=HTMLBlue
28             STYLESHEET=(URL="file:///C:/Program%20Files/SASHome/SASEnterpriseGuide/7.1/Styles/HTMLBlue.css")
29             NOGTITLE
30             NOGFOOTNOTE
31             GPATH=&sasworklocation
32             ENCODING=UTF8
33             options(rolap="on")
34         ;
NOTE: Writing TAGSETS.SASREPORT13(EGSR) Body file: EGSR
35         
36         GOPTIONS ACCESSIBLE;
37         /************************************************************************************************************************
37       ! *****
38         **  Project Name    : Secondary Research of Asthma  Hospitalizations
38       !    **
39         **                    Masters of Science in Business Analytics Capstone Project
39       !    **
40         **                    March / April 2019
40       !    **
41         **  Author          : Matthew C. Vanderbilt
41       !    **
42         **                    Candidate & NU Scholar, National University
42       !    **
43         **                    Director of Fiscal Affairs, Department of Medicine, UC San Diego School of Medicine
43       !    **
44         **
44       ! =======================================================================================================================
44       ! **
45         **  Date Created    : 31 March 2019 09:59
2                                                          The SAS System                             08:20 Saturday, April 13, 2019

45       !    **
46         **  Program Name    : CHIS_45_AthmaChar
46       !    **
47         **  Purpose         : Investigates Characteristics of Sample
47       !    **
48         **  Reference Note  : Some code may be adapted/used from other sources; see README for "Reference Materials"
48       !    **
49         **
49       !    **
50         *************************************************************************************************************************
50       ! ****/
51         
52         ODS GRAPHICS ON;
53         
54         /* MASTER LIBRARY */
55         %LET localProjectPath = %SYSFUNC(SUBSTR(%SYSFUNC(DEQUOTE(&_CLIENTPROJECTPATH)), 1,
55       ! %LENGTH(%SYSFUNC(DEQUOTE(&_CLIENTPROJECTPATH))) - %LENGTH(%SYSFUNC(DEQUOTE(&_CLIENTPROJECTNAME))) ));
56         LIBNAME CHIS "&localProjectPath";
NOTE: Libref CHIS was successfully assigned as follows: 
      Engine:        V9 
      Physical Name: C:\Users\rdy2d\OneDrive\Documents\GitHub\Preventable-Asthma-Hospitalizations\CHIS
57         
58         /* APPLY CHIS FORMATS */
59         OPTIONS fmtsearch=(CHIS);
60         
61         /* ASTHMA STATISTICS */
62         PROC SURVEYFREQ DATA=CHIS.CHIS_DATA_FINAL VARMETHOD=JACKKNIFE;
63         	TITLE 'PROC SURVEYFREQ - CHIS.CHIS_DATA_FINAL -  Asthma Variables';
64         	WEIGHT	FNWGT0;
65         	REPWEIGHT	FNWGT1-FNWGT160 / jkcoefs = 1;
66         	TABLES	(AB17
67         			AB40
68         			AB41
69         			ASTCUR
70         			ASTS
71         			ASTYR
72         			AB18
73         			AB19
74         			AH13A
75         			AB43
76         			AB98
77         			AB108_P1
78         			)*asthmastatus
79         			;
80         RUN;

NOTE: PROCEDURE SURVEYFREQ used (Total process time):
      real time           8:23.33
      cpu time            8:22.46
      

81         
82         ODS GRAPHICS OFF;
83         QUIT;
84         
85         GOPTIONS NOACCESSIBLE;
86         %LET _CLIENTTASKLABEL=;
87         %LET _CLIENTPROCESSFLOWNAME=;
3                                                          The SAS System                             08:20 Saturday, April 13, 2019

88         %LET _CLIENTPROJECTPATH=;
89         %LET _CLIENTPROJECTPATHHOST=;
90         %LET _CLIENTPROJECTNAME=;
91         %LET _SASPROGRAMFILE=;
92         %LET _SASPROGRAMFILEHOST=;
93         
94         ;*';*";*/;quit;run;
95         ODS _ALL_ CLOSE;
NOTE: ODS PDF(EGPDF) printed 11 pages to C:\Users\rdy2d\AppData\Roaming\SAS\EnterpriseGuide\EGTEMP\SEG-24352-d7227d43\contents\SAS 
      Temporary Files\_TD6556_R90T7H56_\#LN00750.
96         
97         
98         QUIT; RUN;
99         
